<?xml version="1.0" encoding="UTF-8"?>
<robot generator="Robot 4.1.3 (Python 3.10.2 on win32)" generated="20220211 15:06:11.043" rpa="false" schemaversion="2">
<suite id="s1" name="Verify Valid Credential Suite" source="C:\Users\parve\PycharmProjects\robot_project\login_suite\verify_valid_credential_suite.robot">
<test id="s1-t1" name="Verify Valid Credentials Test">
<kw name="Open Browser" library="SeleniumLibrary">
<arg>browser=edge</arg>
<arg>executable_path=${EXECDIR}/driver/msedgedriver</arg>
<doc>Opens a new browser instance to the optional ``url``.</doc>
<msg timestamp="20220211 15:06:11.654" level="INFO">Opening browser 'edge' to base url 'None'.</msg>
<status status="PASS" starttime="20220211 15:06:11.654" endtime="20220211 15:06:16.034"/>
</kw>
<kw name="Maximize Browser Window" library="SeleniumLibrary">
<doc>Maximizes current browser window.</doc>
<status status="PASS" starttime="20220211 15:06:16.039" endtime="20220211 15:06:16.294"/>
</kw>
<kw name="Set Selenium Implicit Wait" library="SeleniumLibrary">
<arg>30s</arg>
<doc>Sets the implicit wait value used by Selenium.</doc>
<status status="PASS" starttime="20220211 15:06:16.294" endtime="20220211 15:06:16.332"/>
</kw>
<kw name="Go To" library="SeleniumLibrary">
<arg>url=https://demo.openemr.io/b/openemr</arg>
<doc>Navigates the current browser window to the provided ``url``.</doc>
<msg timestamp="20220211 15:06:16.334" level="INFO">Opening url 'https://demo.openemr.io/b/openemr'</msg>
<status status="PASS" starttime="20220211 15:06:16.334" endtime="20220211 15:06:21.049"/>
</kw>
<kw name="Input Text" library="SeleniumLibrary">
<arg>id=authUser</arg>
<arg>admin123</arg>
<doc>Types the given ``text`` into the text field identified by ``locator``.</doc>
<msg timestamp="20220211 15:06:21.049" level="INFO">Typing text 'admin123' into text field 'id=authUser'.</msg>
<status status="PASS" starttime="20220211 15:06:21.049" endtime="20220211 15:06:21.185"/>
</kw>
<kw name="Input Password" library="SeleniumLibrary">
<arg>id=clearPass</arg>
<arg>pass</arg>
<doc>Types the given password into the text field identified by ``locator``.</doc>
<msg timestamp="20220211 15:06:21.185" level="INFO">Typing password into text field 'id=clearPass'.</msg>
<msg timestamp="20220211 15:06:21.254" level="INFO">Temporally setting log level to: NONE</msg>
<msg timestamp="20220211 15:06:21.324" level="INFO">Log level changed from NONE to INFO.</msg>
<status status="PASS" starttime="20220211 15:06:21.185" endtime="20220211 15:06:21.324"/>
</kw>
<kw name="Select From List By Label" library="SeleniumLibrary">
<arg>name=languageChoice</arg>
<arg>English (Indian)</arg>
<doc>Selects options from selection list ``locator`` by ``labels``.</doc>
<msg timestamp="20220211 15:06:21.326" level="INFO">Selecting options from selection list 'name=languageChoice' by label English (Indian).</msg>
<status status="PASS" starttime="20220211 15:06:21.326" endtime="20220211 15:06:21.433"/>
</kw>
<kw name="Click Element" library="SeleniumLibrary">
<arg>xpath=//button[@type='submit']</arg>
<doc>Click the element identified by ``locator``.</doc>
<msg timestamp="20220211 15:06:21.443" level="INFO">Clicking element 'xpath=//button[@type='submit']'.</msg>
<status status="PASS" starttime="20220211 15:06:21.433" endtime="20220211 15:06:23.513"/>
</kw>
<kw name="Title Should Be" library="SeleniumLibrary">
<arg>OpenEMR</arg>
<doc>Verifies that the current page title equals ``title``.</doc>
<msg timestamp="20220211 15:06:23.914" level="INFO" html="true">&lt;/td&gt;&lt;/tr&gt;&lt;tr&gt;&lt;td colspan="3"&gt;&lt;a href="selenium-screenshot-3.png"&gt;&lt;img src="selenium-screenshot-3.png" width="800px"&gt;&lt;/a&gt;</msg>
<msg timestamp="20220211 15:06:23.954" level="FAIL">Title should have been 'OpenEMR' but was 'OpenEMR Login'.</msg>
<status status="FAIL" starttime="20220211 15:06:23.517" endtime="20220211 15:06:23.954"/>
</kw>
<kw name="Close Browser" library="SeleniumLibrary">
<doc>Closes the current browser.</doc>
<status status="NOT RUN" starttime="20220211 15:06:23.954" endtime="20220211 15:06:23.954"/>
</kw>
<status status="FAIL" starttime="20220211 15:06:11.644" endtime="20220211 15:06:23.954">Title should have been 'OpenEMR' but was 'OpenEMR Login'.</status>
</test>
<doc>This suit file handles all the test case related to the
valid credentials</doc>
<status status="FAIL" starttime="20220211 15:06:11.054" endtime="20220211 15:06:23.964"/>
</suite>
<statistics>
<total>
<stat pass="0" fail="1" skip="0">All Tests</stat>
</total>
<tag>
</tag>
<suite>
<stat pass="0" fail="1" skip="0" id="s1" name="Verify Valid Credential Suite">Verify Valid Credential Suite</stat>
</suite>
</statistics>
<errors>
</errors>
</robot>
